<?xml version="1.0" encoding="UTF-8"?>
<testsuite name="Probamos cositas" tests="2" skipped="0" failures="0" errors="0" timestamp="2022-07-20T15:52:22" hostname="DESKTOP-4AUAMRO" time="4.952">
  <properties/>
  <testcase name="Validate that a text is present inside the list" classname="Probamos cositas" time="3.948"/>
  <testcase name="Validate that a text is present inside the list" classname="Probamos cositas" time="1.003"/>
  <system-out><![CDATA[?[32m.?[0m?[32m.?[0mSe encontro la ciudad en la lista: PASSED !
?[32m.?[0m?[32m.?[0m?[32m.?[0mSe encontro la ciudad en la lista: PASSED !
?[32m.?[0m]]></system-out>
  <system-err><![CDATA[Starting ChromeDriver 102.0.5005.61 (0e59bcc00cc4985ce39ad31c150065f159d95ad3-refs/branch-heads/5005@{#819}) on port 7921
Only local connections are allowed.
Please see https://chromedriver.chromium.org/security-considerations for suggestions on keeping ChromeDriver safe.
ChromeDriver was started successfully.
[1658332344.531][WARNING]: This version of ChromeDriver has not been tested with Chrome version 103.
jul. 20, 2022 5:52:24 P. M. org.openqa.selenium.remote.ProtocolHandshake createSession
INFO: Detected dialect: W3C
]]></system-err>
</testsuite>
